gyp info it worked if it ends with ok
gyp info using node-gyp@11.0.0
gyp info using node@23.11.0 | darwin | arm64
gyp info find Python using Python version 3.13.4 found at "/opt/homebrew/opt/python@3.13/bin/python3.13"
gyp info spawn /opt/homebrew/opt/python@3.13/bin/python3.13
gyp info spawn args [
gyp info spawn args '/opt/homebrew/lib/node_modules/npm/node_modules/node-gyp/gyp/gyp_main.py',
gyp info spawn args 'binding.gyp',
gyp info spawn args '-f',
gyp info spawn args 'make',
gyp info spawn args '-I',
gyp info spawn args '/Users/apple/Desktop/Internship/server/node_modules/mongos/node_modules/bson/build/config.gypi',
gyp info spawn args '-I',
gyp info spawn args '/opt/homebrew/lib/node_modules/npm/node_modules/node-gyp/addon.gypi',
gyp info spawn args '-I',
gyp info spawn args '/Users/apple/Library/Caches/node-gyp/23.11.0/include/node/common.gypi',
gyp info spawn args '-Dlibrary=shared_library',
gyp info spawn args '-Dvisibility=default',
gyp info spawn args '-Dnode_root_dir=/Users/apple/Library/Caches/node-gyp/23.11.0',
gyp info spawn args '-Dnode_gyp_dir=/opt/homebrew/lib/node_modules/npm/node_modules/node-gyp',
gyp info spawn args '-Dnode_lib_file=/Users/apple/Library/Caches/node-gyp/23.11.0/<(target_arch)/node.lib',
gyp info spawn args '-Dmodule_root_dir=/Users/apple/Desktop/Internship/server/node_modules/mongos/node_modules/bson',
gyp info spawn args '-Dnode_engine=v8',
gyp info spawn args '--depth=.',
gyp info spawn args '--no-parallel',
gyp info spawn args '--generator-output',
gyp info spawn args 'build',
gyp info spawn args '-Goutput_dir=.'
gyp info spawn args ]
gyp info spawn make
gyp info spawn args [ 'BUILDTYPE=Release', '-C', 'build' ]
In file included from ../ext/bson.cc:36:
In file included from ../ext/bson.h:17:
In file included from ../../../../nan/nan.h:82:
../../../../nan/nan_new.h:29:66: error: too few arguments to function call, single argument 'context' was not specified
   29 | To<v8::Integer>(v8::Handle<v8::Integer> i) { return i->ToInteger(); }
      |                                                     ~~~~~~~~~~~~ ^
/Users/apple/Library/Caches/node-gyp/23.11.0/include/node/v8-value.h:408:45: note: 'ToInteger' declared here
  408 |   V8_WARN_UNUSED_RESULT MaybeLocal<Integer> ToInteger(
      |                                             ^
  409 |       Local<Context> context) const;
      |       ~~~~~~~~~~~~~~~~~~~~~~
In file included from ../ext/bson.cc:36:
In file included from ../ext/bson.h:17:
In file included from ../../../../nan/nan.h:82:
../../../../nan/nan_new.h:29:53: error: no viable conversion from returned value of type 'MaybeLocal<Integer>' to function return type 'v8::Local<v8::Integer>'
   29 | To<v8::Integer>(v8::Handle<v8::Integer> i) { return i->ToInteger(); }
      |                                                     ^~~~~~~~~~~~~~
/Users/apple/Library/Caches/node-gyp/23.11.0/include/node/v8-local-handle.h:250:22: note: candidate constructor (the implicit copy constructor) not viable: no known conversion from 'MaybeLocal<Integer>' to 'const Local<Integer> &' for 1st argument
  250 | class V8_TRIVIAL_ABI Local : public LocalBase<T>,
      |                      ^~~~~
/Users/apple/Library/Caches/node-gyp/23.11.0/include/node/v8-local-handle.h:250:22: note: candidate constructor (the implicit move constructor) not viable: no known conversion from 'MaybeLocal<Integer>' to 'Local<Integer> &&' for 1st argument
  250 | class V8_TRIVIAL_ABI Local : public LocalBase<T>,
      |                      ^~~~~
/Users/apple/Library/Caches/node-gyp/23.11.0/include/node/v8-local-handle.h:261:13: note: candidate template ignored: could not match 'Local' against 'MaybeLocal'
  261 |   V8_INLINE Local(Local<S> that) : LocalBase<T>(that) {
      |             ^
/Users/apple/Library/Caches/node-gyp/23.11.0/include/node/v8-local-handle.h:392:12: note: explicit constructor is not a candidate
  392 |   explicit Local(no_checking_tag do_not_check)
      |            ^
/Users/apple/Library/Caches/node-gyp/23.11.0/include/node/v8-local-handle.h:397:22: note: explicit constructor is not a candidate
  397 |   V8_INLINE explicit Local(const LocalBase<T>& other) : LocalBase<T>(other) {}
      |                      ^
In file included from ../ext/bson.cc:36:
In file included from ../ext/bson.h:17:
In file included from ../../../../nan/nan.h:82:
../../../../nan/nan_new.h:34:64: error: too few arguments to function call, single argument 'context' was not specified
   34 | To<v8::Int32>(v8::Handle<v8::Integer> i)   { return i->ToInt32(); }
      |                                                     ~~~~~~~~~~ ^
/Users/apple/Library/Caches/node-gyp/23.11.0/include/node/v8-value.h:422:43: note: 'ToInt32' declared here
  422 |   V8_WARN_UNUSED_RESULT MaybeLocal<Int32> ToInt32(Local<Context> context) const;
      |                                           ^       ~~~~~~~~~~~~~~~~~~~~~~
In file included from ../ext/bson.cc:36:
In file included from ../ext/bson.h:17:
In file included from ../../../../nan/nan.h:82:
../../../../nan/nan_new.h:34:53: error: no viable conversion from returned value of type 'MaybeLocal<Int32>' to function return type 'v8::Local<v8::Int32>'
   34 | To<v8::Int32>(v8::Handle<v8::Integer> i)   { return i->ToInt32(); }
      |                                                     ^~~~~~~~~~~~
/Users/apple/Library/Caches/node-gyp/23.11.0/include/node/v8-local-handle.h:250:22: note: candidate constructor (the implicit copy constructor) not viable: no known conversion from 'MaybeLocal<Int32>' to 'const Local<Int32> &' for 1st argument
  250 | class V8_TRIVIAL_ABI Local : public LocalBase<T>,
      |                      ^~~~~
/Users/apple/Library/Caches/node-gyp/23.11.0/include/node/v8-local-handle.h:250:22: note: candidate constructor (the implicit move constructor) not viable: no known conversion from 'MaybeLocal<Int32>' to 'Local<Int32> &&' for 1st argument
  250 | class V8_TRIVIAL_ABI Local : public LocalBase<T>,
      |                      ^~~~~
/Users/apple/Library/Caches/node-gyp/23.11.0/include/node/v8-local-handle.h:261:13: note: candidate template ignored: could not match 'Local' against 'MaybeLocal'
  261 |   V8_INLINE Local(Local<S> that) : LocalBase<T>(that) {
      |             ^
/Users/apple/Library/Caches/node-gyp/23.11.0/include/node/v8-local-handle.h:392:12: note: explicit constructor is not a candidate
  392 |   explicit Local(no_checking_tag do_not_check)
      |            ^
/Users/apple/Library/Caches/node-gyp/23.11.0/include/node/v8-local-handle.h:397:22: note: explicit constructor is not a candidate
  397 |   V8_INLINE explicit Local(const LocalBase<T>& other) : LocalBase<T>(other) {}
      |                      ^
In file included from ../ext/bson.cc:36:
In file included from ../ext/bson.h:17:
In file included from ../../../../nan/nan.h:82:
../../../../nan/nan_new.h:39:65: error: too few arguments to function call, single argument 'context' was not specified
   39 | To<v8::Uint32>(v8::Handle<v8::Integer> i)  { return i->ToUint32(); }
      |                                                     ~~~~~~~~~~~ ^
/Users/apple/Library/Caches/node-gyp/23.11.0/include/node/v8-value.h:415:44: note: 'ToUint32' declared here
  415 |   V8_WARN_UNUSED_RESULT MaybeLocal<Uint32> ToUint32(
      |                                            ^
  416 |       Local<Context> context) const;
      |       ~~~~~~~~~~~~~~~~~~~~~~
In file included from ../ext/bson.cc:36:
In file included from ../ext/bson.h:17:
In file included from ../../../../nan/nan.h:82:
../../../../nan/nan_new.h:39:53: error: no viable conversion from returned value of type 'MaybeLocal<Uint32>' to function return type 'v8::Local<v8::Uint32>'
   39 | To<v8::Uint32>(v8::Handle<v8::Integer> i)  { return i->ToUint32(); }
      |                                                     ^~~~~~~~~~~~~
/Users/apple/Library/Caches/node-gyp/23.11.0/include/node/v8-local-handle.h:250:22: note: candidate constructor (the implicit copy constructor) not viable: no known conversion from 'MaybeLocal<Uint32>' to 'const Local<Uint32> &' for 1st argument
  250 | class V8_TRIVIAL_ABI Local : public LocalBase<T>,
      |                      ^~~~~
/Users/apple/Library/Caches/node-gyp/23.11.0/include/node/v8-local-handle.h:250:22: note: candidate constructor (the implicit move constructor) not viable: no known conversion from 'MaybeLocal<Uint32>' to 'Local<Uint32> &&' for 1st argument
  250 | class V8_TRIVIAL_ABI Local : public LocalBase<T>,
      |                      ^~~~~
/Users/apple/Library/Caches/node-gyp/23.11.0/include/node/v8-local-handle.h:261:13: note: candidate template ignored: could not match 'Local' against 'MaybeLocal'
  261 |   V8_INLINE Local(Local<S> that) : LocalBase<T>(that) {
      |             ^
/Users/apple/Library/Caches/node-gyp/23.11.0/include/node/v8-local-handle.h:392:12: note: explicit constructor is not a candidate
  392 |   explicit Local(no_checking_tag do_not_check)
      |            ^
/Users/apple/Library/Caches/node-gyp/23.11.0/include/node/v8-local-handle.h:397:22: note: explicit constructor is not a candidate
  397 |   V8_INLINE explicit Local(const LocalBase<T>& other) : LocalBase<T>(other) {}
      |                      ^
In file included from ../ext/bson.cc:36:
In file included from ../ext/bson.h:17:
In file included from ../../../../nan/nan.h:82:
In file included from ../../../../nan/nan_new.h:189:
../../../../nan/nan_implementation_12_inl.h:49:38: error: too few arguments to function call, expected 2, have 1
   49 |   return v8::BooleanObject::New(value).As<v8::BooleanObject>();
      |          ~~~~~~~~~~~~~~~~~~~~~~      ^
/Users/apple/Library/Caches/node-gyp/23.11.0/include/node/v8-primitive-object.h:61:23: note: 'New' declared here
   61 |   static Local<Value> New(Isolate* isolate, bool value);
      |                       ^   ~~~~~~~~~~~~~~~~~~~~~~~~~~~~
In file included from ../ext/bson.cc:36:
In file included from ../ext/bson.h:17:
In file included from ../../../../nan/nan.h:82:
In file included from ../../../../nan/nan_new.h:189:
../../../../nan/nan_implementation_12_inl.h:65:24: error: no viable conversion from 'Isolate *' to 'Local<Context>'
   65 |   return v8::Date::New(v8::Isolate::GetCurrent(), value).As<v8::Date>();
      |                        ^~~~~~~~~~~~~~~~~~~~~~~~~
/Users/apple/Library/Caches/node-gyp/23.11.0/include/node/v8-local-handle.h:250:22: note: candidate constructor (the implicit copy constructor) not viable: no known conversion from 'Isolate *' to 'const Local<Context> &' for 1st argument
  250 | class V8_TRIVIAL_ABI Local : public LocalBase<T>,
      |                      ^~~~~
/Users/apple/Library/Caches/node-gyp/23.11.0/include/node/v8-local-handle.h:250:22: note: candidate constructor (the implicit move constructor) not viable: no known conversion from 'Isolate *' to 'Local<Context> &&' for 1st argument
  250 | class V8_TRIVIAL_ABI Local : public LocalBase<T>,
      |                      ^~~~~
/Users/apple/Library/Caches/node-gyp/23.11.0/include/node/v8-local-handle.h:261:13: note: candidate template ignored: could not match 'Local<S>' against 'Isolate *'
  261 |   V8_INLINE Local(Local<S> that) : LocalBase<T>(that) {
      |             ^
/Users/apple/Library/Caches/node-gyp/23.11.0/include/node/v8-local-handle.h:392:12: note: explicit constructor is not a candidate
  392 |   explicit Local(no_checking_tag do_not_check)
      |            ^
/Users/apple/Library/Caches/node-gyp/23.11.0/include/node/v8-local-handle.h:397:22: note: explicit constructor is not a candidate
  397 |   V8_INLINE explicit Local(const LocalBase<T>& other) : LocalBase<T>(other) {}
      |                      ^
/Users/apple/Library/Caches/node-gyp/23.11.0/include/node/v8-date.h:21:69: note: passing argument to parameter 'context' here
   21 |   static V8_WARN_UNUSED_RESULT MaybeLocal<Value> New(Local<Context> context,
      |                                                                     ^
In file included from ../ext/bson.cc:36:
In file included from ../ext/bson.h:17:
In file included from ../../../../nan/nan.h:82:
In file included from ../../../../nan/nan_new.h:189:
../../../../nan/nan_implementation_12_inl.h:80:29: error: no viable conversion from 'Isolate *' to 'Local<Context>'
   80 |   return v8::Function::New( v8::Isolate::GetCurrent()
      |                             ^~~~~~~~~~~~~~~~~~~~~~~~~
/Users/apple/Library/Caches/node-gyp/23.11.0/include/node/v8-local-handle.h:250:22: note: candidate constructor (the implicit copy constructor) not viable: no known conversion from 'Isolate *' to 'const Local<Context> &' for 1st argument
  250 | class V8_TRIVIAL_ABI Local : public LocalBase<T>,
      |                      ^~~~~
/Users/apple/Library/Caches/node-gyp/23.11.0/include/node/v8-local-handle.h:250:22: note: candidate constructor (the implicit move constructor) not viable: no known conversion from 'Isolate *' to 'Local<Context> &&' for 1st argument
  250 | class V8_TRIVIAL_ABI Local : public LocalBase<T>,
      |                      ^~~~~
/Users/apple/Library/Caches/node-gyp/23.11.0/include/node/v8-local-handle.h:261:13: note: candidate template ignored: could not match 'Local<S>' against 'Isolate *'
  261 |   V8_INLINE Local(Local<S> that) : LocalBase<T>(that) {
      |             ^
/Users/apple/Library/Caches/node-gyp/23.11.0/include/node/v8-local-handle.h:392:12: note: explicit constructor is not a candidate
  392 |   explicit Local(no_checking_tag do_not_check)
      |            ^
/Users/apple/Library/Caches/node-gyp/23.11.0/include/node/v8-local-handle.h:397:22: note: explicit constructor is not a candidate
  397 |   V8_INLINE explicit Local(const LocalBase<T>& other) : LocalBase<T>(other) {}
      |                      ^
/Users/apple/Library/Caches/node-gyp/23.11.0/include/node/v8-function.h:33:22: note: passing argument to parameter 'context' here
   33 |       Local<Context> context, FunctionCallback callback,
      |                      ^
In file included from ../ext/bson.cc:36:
In file included from ../ext/bson.h:17:
In file included from ../../../../nan/nan.h:82:
In file included from ../../../../nan/nan_new.h:189:
../../../../nan/nan_implementation_12_inl.h:158:40: error: too few arguments to function call, expected 3, have 2
  158 |   return v8::RegExp::New(pattern, flags);
      |          ~~~~~~~~~~~~~~~               ^
/Users/apple/Library/Caches/node-gyp/23.11.0/include/node/v8-regexp.h:55:51: note: 'New' declared here
   55 |   static V8_WARN_UNUSED_RESULT MaybeLocal<RegExp> New(Local<Context> context,
      |                                                   ^   ~~~~~~~~~~~~~~~~~~~~~~~
   56 |                                                       Local<String> pattern,
      |                                                       ~~~~~~~~~~~~~~~~~~~~~~
   57 |                                                       Flags flags);
      |                                                       ~~~~~~~~~~~
In file included from ../ext/bson.cc:36:
In file included from ../ext/bson.h:17:
In file included from ../../../../nan/nan.h:82:
In file included from ../../../../nan/nan_new.h:189:
../../../../nan/nan_implementation_12_inl.h:166:10: error: no matching function for call to 'Compile'
  166 |   return v8::ScriptCompiler::Compile(v8::Isolate::GetCurrent(), &src);
      |          ^~~~~~~~~~~~~~~~~~~~~~~~~~~
/Users/apple/Library/Caches/node-gyp/23.11.0/include/node/v8-script.h:737:51: note: candidate function not viable: no known conversion from 'Isolate *' to 'Local<Context>' for 1st argument
  737 |   static V8_WARN_UNUSED_RESULT MaybeLocal<Script> Compile(
      |                                                   ^
  738 |       Local<Context> context, Source* source,
      |       ~~~~~~~~~~~~~~~~~~~~~~
/Users/apple/Library/Caches/node-gyp/23.11.0/include/node/v8-script.h:772:51: note: candidate function not viable: requires 4 arguments, but 2 were provided
  772 |   static V8_WARN_UNUSED_RESULT MaybeLocal<Script> Compile(
      |                                                   ^
  773 |       Local<Context> context, StreamedSource* source,
      |       ~~~~~~~~~~~~~~~~~~~~~~~~~~~~~~~~~~~~~~~~~~~~~~~
  774 |       Local<String> full_source_string, const ScriptOrigin& origin);
      |       ~~~~~~~~~~~~~~~~~~~~~~~~~~~~~~~~~~~~~~~~~~~~~~~~~~~~~~~~~~~~
In file included from ../ext/bson.cc:36:
In file included from ../ext/bson.h:17:
In file included from ../../../../nan/nan.h:82:
In file included from ../../../../nan/nan_new.h:189:
../../../../nan/nan_implementation_12_inl.h:173:10: error: no matching function for call to 'Compile'
  173 |   return v8::ScriptCompiler::Compile(v8::Isolate::GetCurrent(), &src);
      |          ^~~~~~~~~~~~~~~~~~~~~~~~~~~
/Users/apple/Library/Caches/node-gyp/23.11.0/include/node/v8-script.h:737:51: note: candidate function not viable: no known conversion from 'Isolate *' to 'Local<Context>' for 1st argument
  737 |   static V8_WARN_UNUSED_RESULT MaybeLocal<Script> Compile(
      |                                                   ^
  738 |       Local<Context> context, Source* source,
      |       ~~~~~~~~~~~~~~~~~~~~~~
/Users/apple/Library/Caches/node-gyp/23.11.0/include/node/v8-script.h:772:51: note: candidate function not viable: requires 4 arguments, but 2 were provided
  772 |   static V8_WARN_UNUSED_RESULT MaybeLocal<Script> Compile(
      |                                                   ^
  773 |       Local<Context> context, StreamedSource* source,
      |       ~~~~~~~~~~~~~~~~~~~~~~~~~~~~~~~~~~~~~~~~~~~~~~~
  774 |       Local<String> full_source_string, const ScriptOrigin& origin);
      |       ~~~~~~~~~~~~~~~~~~~~~~~~~~~~~~~~~~~~~~~~~~~~~~~~~~~~~~~~~~~~
In file included from ../ext/bson.cc:36:
In file included from ../ext/bson.h:17:
In file included from ../../../../nan/nan.h:82:
In file included from ../../../../nan/nan_new.h:189:
../../../../nan/nan_implementation_12_inl.h:193:19: error: no member named 'kNormalString' in 'v8::String'
  193 |       v8::String::kNormalString, length);
      |       ~~~~~~~~~~~~^
../../../../nan/nan_implementation_12_inl.h:200:33: error: no member named 'kNormalString' in 'v8::String'
  200 |       value.data(), v8::String::kNormalString, static_cast<int>(value.size()));
      |                     ~~~~~~~~~~~~^
../../../../nan/nan_implementation_12_inl.h:206:21: error: no member named 'kNormalString' in 'v8::String'
  206 |         v8::String::kNormalString, length);
      |         ~~~~~~~~~~~~^
../../../../nan/nan_implementation_12_inl.h:212:21: error: no member named 'kNormalString' in 'v8::String'
  212 |         v8::String::kNormalString, length);
      |         ~~~~~~~~~~~~^
../../../../nan/nan_implementation_12_inl.h:217:22: error: no member named 'NewExternal' in 'v8::String'
  217 |   return v8::String::NewExternal(v8::Isolate::GetCurrent(), value);
      |          ~~~~~~~~~~~~^
../../../../nan/nan_implementation_12_inl.h:222:22: error: no member named 'NewExternal' in 'v8::String'
  222 |   return v8::String::NewExternal(v8::Isolate::GetCurrent(), value);
      |          ~~~~~~~~~~~~^
../../../../nan/nan_implementation_12_inl.h:229:37: error: too few arguments to function call, expected 2, have 1
  229 |   return v8::StringObject::New(value).As<v8::StringObject>();
      |          ~~~~~~~~~~~~~~~~~~~~~      ^
/Users/apple/Library/Caches/node-gyp/23.11.0/include/node/v8-primitive-object.h:81:23: note: 'New' declared here
   81 |   static Local<Value> New(Isolate* isolate, Local<String> value);
      |                       ^   ~~~~~~~~~~~~~~~~~~~~~~~~~~~~~~~~~~~~~
fatal error: too many errors emitted, stopping now [-ferror-limit=]
20 errors generated.
make: *** [Release/obj.target/bson/ext/bson.o] Error 1
gyp ERR! build error 
gyp ERR! stack Error: `make` failed with exit code: 2
gyp ERR! stack at ChildProcess.<anonymous> (/opt/homebrew/lib/node_modules/npm/node_modules/node-gyp/lib/build.js:216:23)
gyp ERR! System Darwin 24.3.0
gyp ERR! command "/opt/homebrew/Cellar/node/23.11.0/bin/node" "/opt/homebrew/lib/node_modules/npm/node_modules/node-gyp/bin/node-gyp.js" "rebuild"
gyp ERR! cwd /Users/apple/Desktop/Internship/server/node_modules/mongos/node_modules/bson
gyp ERR! node -v v23.11.0
gyp ERR! node-gyp -v v11.0.0
gyp ERR! not ok 
